<?xml version="1.0" encoding="UTF-8"?>
<testng-results ignored="0" total="4" passed="4" failed="0" skipped="0">
  <reporter-output>
  </reporter-output>
  <suite started-at="2025-03-20T08:33:32 IST" name="Surefire suite" finished-at="2025-03-20T08:34:45 IST" duration-ms="72736">
    <groups>
      <group name="cucumber">
        <method signature="AbstractTestNGCucumberTests.runScenario(io.cucumber.testng.PickleWrapper,io.cucumber.testng.FeatureWrapper)[pri:0, instance:runners.TestRunner@4c15e7fd]" name="runScenario" class="io.cucumber.testng.AbstractTestNGCucumberTests"/>
      </group> <!-- cucumber -->
    </groups>
    <test started-at="2025-03-20T08:33:32 IST" name="Surefire test" finished-at="2025-03-20T08:34:45 IST" duration-ms="72736">
      <class name="runners.TestRunner">
        <test-method is-config="true" signature="setUpClass(org.testng.ITestContext)[pri:0, instance:runners.TestRunner@4c15e7fd]" started-at="2025-03-20T08:33:32 IST" name="setUpClass" finished-at="2025-03-20T08:33:33 IST" duration-ms="823" status="PASS">
          <params>
            <param index="0">
              <value>
                <![CDATA[org.testng.TestRunner@7eb6b6b6]]>
              </value>
            </param>
          </params>
          <reporter-output>
          </reporter-output>
        </test-method> <!-- setUpClass -->
        <test-method signature="runScenario(io.cucumber.testng.PickleWrapper,io.cucumber.testng.FeatureWrapper)[pri:0, instance:runners.TestRunner@4c15e7fd]" started-at="2025-03-20T08:33:33 IST" name="runScenario" description="Runs Cucumber Scenarios" data-provider="scenarios" finished-at="2025-03-20T08:33:54 IST" duration-ms="20455" status="PASS">
          <params>
            <param index="0">
              <value>
                <![CDATA["Verify Home Page Sections"]]>
              </value>
            </param>
            <param index="1">
              <value>
                <![CDATA["Urban Ladder Website Testing"]]>
              </value>
            </param>
          </params>
          <reporter-output>
          </reporter-output>
        </test-method> <!-- runScenario -->
        <test-method signature="runScenario(io.cucumber.testng.PickleWrapper,io.cucumber.testng.FeatureWrapper)[pri:0, instance:runners.TestRunner@4c15e7fd]" started-at="2025-03-20T08:33:54 IST" name="runScenario" description="Runs Cucumber Scenarios" data-provider="scenarios" finished-at="2025-03-20T08:34:12 IST" duration-ms="18083" status="PASS">
          <params>
            <param index="0">
              <value>
                <![CDATA["Search for a Product"]]>
              </value>
            </param>
            <param index="1">
              <value>
                <![CDATA["Urban Ladder Website Testing"]]>
              </value>
            </param>
          </params>
          <reporter-output>
          </reporter-output>
        </test-method> <!-- runScenario -->
        <test-method signature="runScenario(io.cucumber.testng.PickleWrapper,io.cucumber.testng.FeatureWrapper)[pri:0, instance:runners.TestRunner@4c15e7fd]" started-at="2025-03-20T08:34:12 IST" name="runScenario" description="Runs Cucumber Scenarios" data-provider="scenarios" finished-at="2025-03-20T08:34:29 IST" duration-ms="17462" status="PASS">
          <params>
            <param index="0">
              <value>
                <![CDATA["Add Product to Cart"]]>
              </value>
            </param>
            <param index="1">
              <value>
                <![CDATA["Urban Ladder Website Testing"]]>
              </value>
            </param>
          </params>
          <reporter-output>
          </reporter-output>
        </test-method> <!-- runScenario -->
        <test-method signature="runScenario(io.cucumber.testng.PickleWrapper,io.cucumber.testng.FeatureWrapper)[pri:0, instance:runners.TestRunner@4c15e7fd]" started-at="2025-03-20T08:34:29 IST" name="runScenario" description="Runs Cucumber Scenarios" data-provider="scenarios" finished-at="2025-03-20T08:34:45 IST" duration-ms="15814" status="PASS">
          <params>
            <param index="0">
              <value>
                <![CDATA["User Registration and Login"]]>
              </value>
            </param>
            <param index="1">
              <value>
                <![CDATA["Urban Ladder Website Testing"]]>
              </value>
            </param>
          </params>
          <reporter-output>
          </reporter-output>
        </test-method> <!-- runScenario -->
        <test-method is-config="true" signature="tearDownClass()[pri:0, instance:runners.TestRunner@4c15e7fd]" started-at="2025-03-20T08:34:45 IST" name="tearDownClass" finished-at="2025-03-20T08:34:45 IST" duration-ms="47" status="PASS">
          <reporter-output>
          </reporter-output>
        </test-method> <!-- tearDownClass -->
      </class> <!-- runners.TestRunner -->
    </test> <!-- Surefire test -->
  </suite> <!-- Surefire suite -->
</testng-results>
