<?xml version="1.0" encoding="UTF-8"?>
<testng-results ignored="0" total="4" passed="4" failed="0" skipped="0">
  <reporter-output>
  </reporter-output>
  <suite started-at="2025-03-19T22:11:10 IST" name="Default suite" finished-at="2025-03-19T22:12:38 IST" duration-ms="87984">
    <groups>
      <group name="cucumber">
        <method signature="AbstractTestNGCucumberTests.runScenario(io.cucumber.testng.PickleWrapper,io.cucumber.testng.FeatureWrapper)[pri:0, instance:runners.TestRunner@3febb011]" name="runScenario" class="io.cucumber.testng.AbstractTestNGCucumberTests"/>
      </group> <!-- cucumber -->
    </groups>
    <test started-at="2025-03-19T22:11:10 IST" name="Default test" finished-at="2025-03-19T22:12:38 IST" duration-ms="87984">
      <class name="runners.TestRunner">
        <test-method is-config="true" signature="setUpClass(org.testng.ITestContext)[pri:0, instance:runners.TestRunner@3febb011]" started-at="2025-03-19T22:11:10 IST" name="setUpClass" finished-at="2025-03-19T22:11:11 IST" duration-ms="1277" status="PASS">
          <params>
            <param index="0">
              <value>
                <![CDATA[org.testng.TestRunner@7fcf294e]]>
              </value>
            </param>
          </params>
          <reporter-output>
          </reporter-output>
        </test-method> <!-- setUpClass -->
        <test-method signature="runScenario(io.cucumber.testng.PickleWrapper,io.cucumber.testng.FeatureWrapper)[pri:0, instance:runners.TestRunner@3febb011]" started-at="2025-03-19T22:11:11 IST" name="runScenario" description="Runs Cucumber Scenarios" data-provider="scenarios" finished-at="2025-03-19T22:11:33 IST" duration-ms="21416" status="PASS">
          <params>
            <param index="0">
              <value>
                <![CDATA["Verify Home Page Sections"]]>
              </value>
            </param>
            <param index="1">
              <value>
                <![CDATA["Urban Ladder Website Testing"]]>
              </value>
            </param>
          </params>
          <reporter-output>
          </reporter-output>
        </test-method> <!-- runScenario -->
        <test-method signature="runScenario(io.cucumber.testng.PickleWrapper,io.cucumber.testng.FeatureWrapper)[pri:0, instance:runners.TestRunner@3febb011]" started-at="2025-03-19T22:11:33 IST" name="runScenario" description="Runs Cucumber Scenarios" data-provider="scenarios" finished-at="2025-03-19T22:11:56 IST" duration-ms="22850" status="PASS">
          <params>
            <param index="0">
              <value>
                <![CDATA["Search for a Product"]]>
              </value>
            </param>
            <param index="1">
              <value>
                <![CDATA["Urban Ladder Website Testing"]]>
              </value>
            </param>
          </params>
          <reporter-output>
          </reporter-output>
        </test-method> <!-- runScenario -->
        <test-method signature="runScenario(io.cucumber.testng.PickleWrapper,io.cucumber.testng.FeatureWrapper)[pri:0, instance:runners.TestRunner@3febb011]" started-at="2025-03-19T22:11:56 IST" name="runScenario" description="Runs Cucumber Scenarios" data-provider="scenarios" finished-at="2025-03-19T22:12:18 IST" duration-ms="21933" status="PASS">
          <params>
            <param index="0">
              <value>
                <![CDATA["Add Product to Cart"]]>
              </value>
            </param>
            <param index="1">
              <value>
                <![CDATA["Urban Ladder Website Testing"]]>
              </value>
            </param>
          </params>
          <reporter-output>
          </reporter-output>
        </test-method> <!-- runScenario -->
        <test-method signature="runScenario(io.cucumber.testng.PickleWrapper,io.cucumber.testng.FeatureWrapper)[pri:0, instance:runners.TestRunner@3febb011]" started-at="2025-03-19T22:12:18 IST" name="runScenario" description="Runs Cucumber Scenarios" data-provider="scenarios" finished-at="2025-03-19T22:12:38 IST" duration-ms="20318" status="PASS">
          <params>
            <param index="0">
              <value>
                <![CDATA["User Registration and Login"]]>
              </value>
            </param>
            <param index="1">
              <value>
                <![CDATA["Urban Ladder Website Testing"]]>
              </value>
            </param>
          </params>
          <reporter-output>
          </reporter-output>
        </test-method> <!-- runScenario -->
        <test-method is-config="true" signature="tearDownClass()[pri:0, instance:runners.TestRunner@3febb011]" started-at="2025-03-19T22:12:38 IST" name="tearDownClass" finished-at="2025-03-19T22:12:38 IST" duration-ms="71" status="PASS">
          <reporter-output>
          </reporter-output>
        </test-method> <!-- tearDownClass -->
      </class> <!-- runners.TestRunner -->
    </test> <!-- Default test -->
  </suite> <!-- Default suite -->
</testng-results>
